<?xml version="1.0" encoding="UTF-8" ?>
<testsuite errors="0" failures="0" hostname="EBI288GFWW" name="com.hex.TestSample" tests="1" time="0.024" timestamp="2013-11-28T07:16:47">
  <properties>
    <property name="java.vendor" value="Sun Microsystems Inc." />
    <property name="sun.java.launcher" value="SUN_STANDARD" />
    <property name="sun.management.compiler" value="HotSpot Client Compiler" />
    <property name="cc.lib" value="E:/CIT_Config/cruisecontrol-bin-2.8.4/Lib" />
    <property name="dist" value="E:\test\TestWeb\dist" />
    <property name="os.name" value="Windows 7" />
    <property name="sun.boot.class.path" value="C:\Program Files\Java\jdk1.6.0_26\jre\lib\resources.jar;C:\Program Files\Java\jdk1.6.0_26\jre\lib\rt.jar;C:\Program Files\Java\jdk1.6.0_26\jre\lib\sunrsasign.jar;C:\Program Files\Java\jdk1.6.0_26\jre\lib\jsse.jar;C:\Program Files\Java\jdk1.6.0_26\jre\lib\jce.jar;C:\Program Files\Java\jdk1.6.0_26\jre\lib\charsets.jar;C:\Program Files\Java\jdk1.6.0_26\jre\lib\modules\jdk.boot.jar;C:\Program Files\Java\jdk1.6.0_26\jre\classes" />
    <property name="TODAY" value="November 28 2013" />
    <property name="findbugs.home" value="E:/CIT_Config/findbugs-1.3.9" />
    <property name="sun.desktop" value="windows" />
    <property name="cc.home" value="E:/CIT_Config/cruisecontrol-bin-2.8.4" />
    <property name="java.vm.specification.vendor" value="Sun Microsystems Inc." />
    <property name="ant.home" value="E:\Ant\apache-ant-1.7.0\bin\.." />
    <property name="java.runtime.version" value="1.6.0_26-b03" />
    <property name="cctimestamp" value="20131128124645" />
    <property name="label" value="build.37" />
    <property name="cclastgoodbuildtimestamp" value="20131128123410" />
    <property name="user.name" value="23639" />
    <property name="projectname" value="TestWeb" />
    <property name="destpath" value="E:/test/TestWeb" />
    <property name="user.language" value="en" />
    <property name="build" value="E:\test\TestWeb\build" />
    <property name="svnpassword" value="hexaware" />
    <property name="sun.boot.library.path" value="C:\Program Files\Java\jdk1.6.0_26\jre\bin" />
    <property name="reports.dir" value="E:/test/TestWeb/reports" />
    <property name="buildforced" value="true" />
    <property name="ant.project.name" value="TestWeb" />
    <property name="DSTAMP" value="20131128" />
    <property name="java.version" value="1.6.0_26" />
    <property name="user.timezone" value="" />
    <property name="lastbuildsuccessful" value="true" />
    <property name="cclastbuildtimestamp" value="20131128123410" />
    <property name="sun.arch.data.model" value="32" />
    <property name="java.endorsed.dirs" value="C:\Program Files\Java\jdk1.6.0_26\jre\lib\endorsed" />
    <property name="sun.cpu.isalist" value="pentium_pro+mmx pentium_pro pentium+mmx pentium i486 i386 i86" />
    <property name="sun.jnu.encoding" value="Cp1252" />
    <property name="file.encoding.pkg" value="sun.io" />
    <property name="file.separator" value="\" />
    <property name="java.specification.name" value="Java Platform API Specification" />
    <property name="checkstyle.home" value="E:/CIT_Config/checkstyle-5.3" />
    <property name="java.class.version" value="50.0" />
    <property name="src" value="E:\test\TestWeb\src" />
    <property name="user.country" value="US" />
    <property name="java.home" value="C:\Program Files\Java\jdk1.6.0_26\jre" />
    <property name="java.vm.info" value="mixed mode, sharing" />
    <property name="ant.file" value="E:\test\TestWeb\build\build.xml" />
    <property name="os.version" value="6.1" />
    <property name="path.separator" value=";" />
    <property name="java.vm.version" value="20.1-b02" />
    <property name="repourl" value="http://172.25.108.49/svn/TestWeb/" />
    <property name="user.variant" value="" />
    <property name="ant.library.dir" value="E:\Ant\apache-ant-1.7.0\lib" />
    <property name="java.awt.printerjob" value="sun.awt.windows.WPrinterJob" />
    <property name="sun.io.unicode.encoding" value="UnicodeLittle" />
    <property name="destdir" value="./classes" />
    <property name="awt.toolkit" value="sun.awt.windows.WToolkit" />
    <property name="svnuser" value="hexaware" />
    <property name="user.home" value="C:\Users\23639" />
    <property name="java.specification.vendor" value="Sun Microsystems Inc." />
    <property name="java.library.path" value="C:\Program Files\Java\jdk1.6.0_26\bin;C:\Windows\Sun\Java\bin;C:\Windows\system32;C:\Windows;C:\Windows\system32;C:\Windows;C:\Windows\System32\Wbem;C:\Windows\System32\WindowsPowerShell\v1.0\;C:\Program Files\Java\jdk1.6.0_26\bin;C:\Program Files\Borland\StarTeam SDK 11.0\Lib;C:\Program Files\Borland\StarTeam SDK 11.0\Bin;C:\Program Files\Borland\StarTeam Cross-Platform Client 2009;E:\COE\SVNSERVER\svn-win32-1.4.0;C:\Program Files\TortoiseSVN\bin;E:\COE\SVN\SVNSERVER\bin;E:\COE\SVNSERVER\svn-win32-1.4.0;." />
    <property name="java.vendor.url" value="http://java.sun.com/" />
    <property name="sturl" value="${stserver}:${stport}/${stproject}/${stview}" />
    <property name="java.vm.vendor" value="Sun Microsystems Inc." />
    <property name="java.runtime.name" value="Java(TM) SE Runtime Environment" />
    <property name="sun.java.command" value="org.apache.tools.ant.launch.Launcher -cp E:\Eclipse Juno\apache-tomcat-7.0.5\bin\bootstrap.jar;E:\Eclipse Juno\apache-tomcat-7.0.5\bin\tomcat-juli.jar -logger net.sourceforge.cruisecontrol.builders.AntProgressLogger -listener org.apache.tools.ant.XmlLogger -DXmlLogger.file E:/CIT_Config/cruisecontrol-bin-2.8.4/projects/TestWeb/log.xml -lib E:\CIT_Config\cruisecontrol-bin-2.8.4\lib\cruisecontrol-antprogresslogger.jar -lib C:/Program Files/Borland/StarTeam SDK 11.0/Lib -Dcclastbuildtimestamp 20131128123410 -Dcvstimestamp=2013-11-28 07:16:45 GMT -Dbuildforced true -Dcclastgoodbuildtimestamp 20131128123410 -Dcctimestamp 20131128124645 -Dlabel build.37 -Dprojectname TestWeb -Dlastbuildsuccessful true -buildfile E:/test/TestWeb/build/build.xml clean checkout init compile test jar checkstyle_java findbugs pmd cpd BuildMaintain" />
    <property name="java.class.path" value="E:\Ant\apache-ant-1.7.0\bin\..\lib\ant-launcher.jar;E:\Eclipse Juno\apache-tomcat-7.0.5\bin\bootstrap.jar;E:\Eclipse Juno\apache-tomcat-7.0.5\bin\tomcat-juli.jar;E:\CIT_Config\cruisecontrol-bin-2.8.4\lib\cruisecontrol-antprogresslogger.jar;C:\Program Files\Borland\StarTeam SDK 11.0\Lib\ss.jar;C:\Program Files\Borland\StarTeam SDK 11.0\Lib\starteam110-resources.jar;C:\Program Files\Borland\StarTeam SDK 11.0\Lib\starteam110.jar;C:\Program Files\Borland\StarTeam SDK 11.0\Lib\starteam110_win32.jar;C:\Program Files\Borland\StarTeam SDK 11.0\Lib\swingall.jar;C:\Program Files\Borland\StarTeam SDK 11.0\Lib;E:\Ant\apache-ant-1.7.0\lib\ant-antlr.jar;E:\Ant\apache-ant-1.7.0\lib\ant-apache-bcel.jar;E:\Ant\apache-ant-1.7.0\lib\ant-apache-bsf.jar;E:\Ant\apache-ant-1.7.0\lib\ant-apache-log4j.jar;E:\Ant\apache-ant-1.7.0\lib\ant-apache-oro.jar;E:\Ant\apache-ant-1.7.0\lib\ant-apache-regexp.jar;E:\Ant\apache-ant-1.7.0\lib\ant-apache-resolver.jar;E:\Ant\apache-ant-1.7.0\lib\ant-commons-logging.jar;E:\Ant\apache-ant-1.7.0\lib\ant-commons-net.jar;E:\Ant\apache-ant-1.7.0\lib\ant-jai.jar;E:\Ant\apache-ant-1.7.0\lib\ant-javamail.jar;E:\Ant\apache-ant-1.7.0\lib\ant-jdepend.jar;E:\Ant\apache-ant-1.7.0\lib\ant-jmf.jar;E:\Ant\apache-ant-1.7.0\lib\ant-jsch.jar;E:\Ant\apache-ant-1.7.0\lib\ant-junit.jar;E:\Ant\apache-ant-1.7.0\lib\ant-launcher.jar;E:\Ant\apache-ant-1.7.0\lib\ant-netrexx.jar;E:\Ant\apache-ant-1.7.0\lib\ant-nodeps.jar;E:\Ant\apache-ant-1.7.0\lib\ant-starteam.jar;E:\Ant\apache-ant-1.7.0\lib\ant-stylebook.jar;E:\Ant\apache-ant-1.7.0\lib\ant-swing.jar;E:\Ant\apache-ant-1.7.0\lib\ant-testutil.jar;E:\Ant\apache-ant-1.7.0\lib\ant-trax.jar;E:\Ant\apache-ant-1.7.0\lib\ant-weblogic.jar;E:\Ant\apache-ant-1.7.0\lib\ant.jar;E:\Ant\apache-ant-1.7.0\lib\xercesImpl.jar;E:\Ant\apache-ant-1.7.0\lib\xml-apis.jar;C:\Program Files\Java\jdk1.6.0_26\lib\tools.jar" />
    <property name="ant.version" value="Apache Ant version 1.7.0 compiled on December 13 2006" />
    <property name="rootlocalfolder" value="E:/test/TestWeb" />
    <property name="TSTAMP" value="1246" />
    <property name="project.name" value="TestWeb" />
    <property name="test.class" value="com.hex.TestSample" />
    <property name="java.vm.specification.name" value="Java Virtual Machine Specification" />
    <property name="java.vm.specification.version" value="1.0" />
    <property name="base.dir" value="E:/test/TestWeb" />
    <property name="junit.jar" value="E:\CIT_Config\cruisecontrol-bin-2.8.4\lib\junit-4.4.jar" />
    <property name="sun.os.patch.level" value="Service Pack 1" />
    <property name="sun.cpu.endian" value="little" />
    <property name="java.io.tmpdir" value="C:\Users\23639\AppData\Local\Temp\" />
    <property name="pmd.home" value="E:/CIT_Config/pmd-bin-5.0.4" />
    <property name="java.vendor.url.bug" value="http://java.sun.com/cgi-bin/bugreport.cgi" />
    <property name="XmlLogger.file" value="E:/CIT_Config/cruisecontrol-bin-2.8.4/projects/TestWeb/log.xml" />
    <property name="ant.file.TestWeb" value="E:\test\TestWeb\build\build.xml" />
    <property name="java.awt.graphicsenv" value="sun.awt.Win32GraphicsEnvironment" />
    <property name="os.arch" value="x86" />
    <property name="java.ext.dirs" value="C:\Program Files\Java\jdk1.6.0_26\jre\lib\ext;C:\Windows\Sun\Java\lib\ext" />
    <property name="user.dir" value="E:\Eclipse Juno\apache-tomcat-7.0.5\bin" />
    <property name="cvstimestamp" value="2013-11-28 07:16:45 GMT" />
    <property name="line.separator" value="
" />
    <property name="java.vm.name" value="Java HotSpot(TM) Client VM" />
    <property name="basedir" value="E:\test\TestWeb\build" />
    <property name="ant.java.version" value="1.6" />
    <property name="ant.core.lib" value="E:\Ant\apache-ant-1.7.0\lib\ant.jar" />
    <property name="file.encoding" value="Cp1252" />
    <property name="starteam.lib" value="${starteam.home}/Lib" />
    <property name="java.specification.version" value="1.6" />
  </properties>
  <testcase classname="com.hex.TestSample" name="testSample" time="0.0030" />
  <system-out><![CDATA[]]></system-out>
  <system-err><![CDATA[]]></system-err>
</testsuite>
